Base path: C:/Program Files/Unity/Hub/Editor/2019.1.2f1/Editor/Data
Cmd: initializeCompiler
Cmd: compileSnippet
  api=4 type=0 insize=731 outsize=858 kw=ETC1_EXTERNAL_ALPHA pd=UNITY_ENABLE_REFLECTION_BUFFERS UNITY_USE_DITHER_MASK_FOR_ALPHABLENDED_SHADOWS UNITY_PBS_USE_BRDF1 UNITY_SPECCUBE_BOX_PROJECTION UNITY_SPECCUBE_BLENDING UNITY_ENABLE_DETAIL_NORMALMAP SHADER_API_DESKTOP UNITY_COLORSPACE_GAMMA UNITY_LIGHT_PROBE_PROXY_VOLUME UNITY_LIGHTMAP_FULL_HDR ok=1
Cmd: compileComputeKernel
  api=4 insize=7985 outsize=1701 ok=1
Cmd: compileComputeKernel
  api=4 insize=7985 outsize=1357 ok=1
Cmd: compileComputeKernel
  api=4 insize=4264 outsize=1861 ok=1
Cmd: compileComputeKernel
  api=4 insize=10663 outsize=3281 ok=1
Cmd: compileComputeKernel
  api=4 insize=21333 outsize=1577 ok=1
Cmd: compileComputeKernel
  api=4 insize=21333 outsize=1621 ok=1
Cmd: compileComputeKernel
  api=4 insize=21333 outsize=1625 ok=1
Cmd: compileComputeKernel
  api=4 insize=21333 outsize=1305 ok=1
Cmd: compileComputeKernel
  api=4 insize=21333 outsize=2297 ok=1
Cmd: compileComputeKernel
  api=4 insize=14905 outsize=1257 ok=1
Cmd: compileComputeKernel
  api=4 insize=14905 outsize=1377 ok=1
Cmd: compileComputeKernel
  api=4 insize=14905 outsize=1305 ok=1
