Base path: C:/Program Files/Unity/Hub/Editor/2019.1.2f1/Editor/Data
Cmd: initializeCompiler
Cmd: compileSnippet
  api=4 type=1 insize=731 outsize=574 kw=ETC1_EXTERNAL_ALPHA pd=UNITY_ENABLE_REFLECTION_BUFFERS UNITY_USE_DITHER_MASK_FOR_ALPHABLENDED_SHADOWS UNITY_PBS_USE_BRDF1 UNITY_SPECCUBE_BOX_PROJECTION UNITY_SPECCUBE_BLENDING UNITY_ENABLE_DETAIL_NORMALMAP SHADER_API_DESKTOP UNITY_COLORSPACE_GAMMA UNITY_LIGHT_PROBE_PROXY_VOLUME UNITY_LIGHTMAP_FULL_HDR ok=1
Cmd: compileComputeKernel
  api=4 insize=7985 outsize=2105 ok=1
Cmd: compileComputeKernel
  api=4 insize=4264 outsize=1857 ok=1
Cmd: compileComputeKernel
  api=4 insize=21333 outsize=2029 ok=1
Cmd: compileComputeKernel
  api=4 insize=21333 outsize=3017 ok=1
Cmd: compileComputeKernel
  api=4 insize=21333 outsize=1857 ok=1
Cmd: compileComputeKernel
  api=4 insize=14905 outsize=1293 ok=1
Cmd: compileComputeKernel
  api=4 insize=14905 outsize=1365 ok=1
Cmd: compileComputeKernel
  api=4 insize=14905 outsize=1333 ok=1
Cmd: compileComputeKernel
  api=4 insize=14905 outsize=1749 ok=1
